#
# A fatal error has been detected by the Java Runtime Environment:
#
#  EXCEPTION_ACCESS_VIOLATION (0xc0000005) at pc=0x000000006fda8b35, pid=58976, tid=52840
#
# JRE version: Java(TM) SE Runtime Environment (8.0_66-b18) (build 1.8.0_66-b18)
# Java VM: Java HotSpot(TM) 64-Bit Server VM (25.66-b18 mixed mode windows-amd64 compressed oops)
# Problematic frame:
# V  [jvm.dll+0x128b35]
#
# Failed to write core dump. Minidumps are not enabled by default on client versions of Windows
#
# If you would like to submit a bug report, please visit:
#   http://bugreport.java.com/bugreport/crash.jsp
#

---------------  T H R E A D  ---------------

Current thread (0x000000001d14b800):  JavaThread "JDWP Transport Listener: dt_socket" daemon [_thread_in_vm, id=52840, stack(0x000000001dcc0000,0x000000001ddc0000)]

siginfo: ExceptionCode=0xc0000005, reading address 0xffffffffffffffff

Registers:
RAX=0x000000001ddbf801, RBX=0x000000001d14b800, RCX=0x63656a624f2f676e, RDX=0x0000000000000000
RSP=0x000000001ddbf810, RBP=0x63656a624f2f676e, RSI=0x000000001ddbf928, RDI=0x0000000001d2a750
R8 =0x000000001d14b800, R9 =0x000000000000ff00, R10=0x0000000000000000, R11=0x017431220009000c
R12=0x0000000000000000, R13=0x000000001d14c5d8, R14=0x0000000000000000, R15=0x0000000000000000
RIP=0x000000006fda8b35, EFLAGS=0x0000000000010202

Top of Stack: (sp=0x000000001ddbf810)
0x000000001ddbf810:   000000001d14b800 000000001d14b800
0x000000001ddbf820:   000000001ddbf8d8 000000006ffae2eb
0x000000001ddbf830:   000000001d14b800 000000006ffcab4d
0x000000001ddbf840:   0000000000000000 0000000058189155
0x000000001ddbf850:   00000000235e26a0 000000005819291e
0x000000001ddbf860:   000000001d14b800 0000000000000000
0x000000001ddbf870:   0000000000000000 0000000000000000
0x000000001ddbf880:   63656a624f2f676e 0000000058191a15
0x000000001ddbf890:   000000001ddbf928 000000001ddbf900
0x000000001ddbf8a0:   0000000000000001 00000000235e26a0
0x000000001ddbf8b0:   63656a624f2f676e 00000000581753b3
0x000000001ddbf8c0:   000000001ddbf9f0 0000000000000001
0x000000001ddbf8d0:   0000000000000001 00000000235e26a0
0x000000001ddbf8e0:   0000000000000001 0000000000000000
0x000000001ddbf8f0:   0000000000000000 0000000000000000
0x000000001ddbf900:   0000000000000001 0000000058175571 

Instructions: (pc=0x000000006fda8b35)
0x000000006fda8b15:   cc cc cc cc cc cc cc cc cc cc cc 48 83 ec 28 48
0x000000006fda8b25:   85 c9 75 07 33 c0 48 83 c4 28 c3 48 89 5c 24 20
0x000000006fda8b35:   48 8b 19 48 85 db 74 20 48 83 fb 37 74 1a 48 8b
0x000000006fda8b45:   13 48 8b cb ff 52 10 84 c0 74 0d 48 8b c3 48 8b 


Register to memory mapping:

RAX=0x000000001ddbf801 is pointing into the stack for thread: 0x000000001d14b800
RBX=0x000000001d14b800 is a thread
RCX=0x63656a624f2f676e is an unknown value
RDX=0x0000000000000000 is an unknown value
RSP=0x000000001ddbf810 is pointing into the stack for thread: 0x000000001d14b800
RBP=0x63656a624f2f676e is an unknown value
RSI=0x000000001ddbf928 is pointing into the stack for thread: 0x000000001d14b800
RDI=0x0000000001d2a750 is an unknown value
R8 =0x000000001d14b800 is a thread
R9 =0x000000000000ff00 is an unknown value
R10=0x0000000000000000 is an unknown value
R11=0x017431220009000c is an unknown value
R12=0x0000000000000000 is an unknown value
R13=0x000000001d14c5d8 is an unknown value
R14=0x0000000000000000 is an unknown value
R15=0x0000000000000000 is an unknown value


Stack: [0x000000001dcc0000,0x000000001ddc0000],  sp=0x000000001ddbf810,  free space=1022k
Native frames: (J=compiled Java code, j=interpreted, Vv=VM code, C=native code)
V  [jvm.dll+0x128b35]
V  [jvm.dll+0x34ab4d]
C  [jdwp.dll+0x21a15]
C  [jdwp.dll+0x53b3]
C  [jdwp.dll+0x5571]
C  [jdwp.dll+0xf0a8]
C  [jdwp.dll+0x1f2d5]
C  [jdwp.dll+0x1f4aa]
V  [jvm.dll+0x1bba28]
V  [jvm.dll+0x243274]
V  [jvm.dll+0x29a0fa]
C  [msvcr100.dll+0x21d9f]
C  [msvcr100.dll+0x21e3b]
C  [kernel32.dll+0x159cd]
C  [ntdll.dll+0x2a561]


---------------  P R O C E S S  ---------------

Java Threads: ( => current thread )
  0x0000000020532800 JavaThread "DestroyJavaVM" [_thread_blocked, id=60448, stack(0x00000000021a0000,0x00000000022a0000)]
  0x000000002367e000 JavaThread "http-nio-8080-AsyncTimeout" daemon [_thread_blocked, id=59352, stack(0x00000000266d0000,0x00000000267d0000)]
  0x000000002367d000 JavaThread "http-nio-8080-Acceptor-0" daemon [_thread_in_native, id=50452, stack(0x00000000265a0000,0x00000000266a0000)]
  0x000000002367c800 JavaThread "http-nio-8080-ClientPoller-1" daemon [_thread_in_native, id=56232, stack(0x0000000026300000,0x0000000026400000)]
  0x000000002367b800 JavaThread "http-nio-8080-ClientPoller-0" daemon [_thread_in_native, id=59492, stack(0x0000000026180000,0x0000000026280000)]
  0x000000002367b000 JavaThread "http-nio-8080-exec-10" daemon [_thread_blocked, id=60312, stack(0x0000000025fa0000,0x00000000260a0000)]
  0x000000002367a000 JavaThread "http-nio-8080-exec-9" daemon [_thread_blocked, id=55052, stack(0x000000001f9c0000,0x000000001fac0000)]
  0x0000000023679800 JavaThread "http-nio-8080-exec-8" daemon [_thread_blocked, id=59468, stack(0x0000000025df0000,0x0000000025ef0000)]
  0x0000000023678800 JavaThread "http-nio-8080-exec-7" daemon [_thread_blocked, id=60468, stack(0x0000000025cd0000,0x0000000025dd0000)]
  0x0000000023678000 JavaThread "http-nio-8080-exec-6" daemon [_thread_blocked, id=58388, stack(0x0000000025b30000,0x0000000025c30000)]
  0x0000000023677000 JavaThread "http-nio-8080-exec-5" daemon [_thread_blocked, id=58796, stack(0x0000000025a20000,0x0000000025b20000)]
  0x0000000020acb800 JavaThread "http-nio-8080-exec-4" daemon [_thread_blocked, id=58232, stack(0x0000000025870000,0x0000000025970000)]
  0x0000000020aca800 JavaThread "http-nio-8080-exec-3" daemon [_thread_blocked, id=59252, stack(0x0000000024d40000,0x0000000024e40000)]
  0x0000000020aca000 JavaThread "http-nio-8080-exec-2" daemon [_thread_blocked, id=53868, stack(0x00000000256f0000,0x00000000257f0000)]
  0x0000000020ac9000 JavaThread "http-nio-8080-exec-1" daemon [_thread_blocked, id=57352, stack(0x00000000255a0000,0x00000000256a0000)]
  0x0000000020ac8800 JavaThread "NioBlockingSelector.BlockPoller-1" daemon [_thread_in_native, id=60032, stack(0x0000000021da0000,0x0000000021ea0000)]
  0x0000000020ac7800 JavaThread "Thread-4" [_thread_blocked, id=35864, stack(0x0000000025040000,0x0000000025140000)]
  0x0000000020ac7000 JavaThread "Thread-3" [_thread_blocked, id=59680, stack(0x0000000024e80000,0x0000000024f80000)]
  0x0000000020ac5800 JavaThread "container-0" [_thread_blocked, id=37060, stack(0x0000000022420000,0x0000000022520000)]
  0x0000000020ac4800 JavaThread "ContainerBackgroundProcessor[StandardEngine[Tomcat]]" daemon [_thread_blocked, id=59952, stack(0x0000000022150000,0x0000000022250000)]
  0x0000000020096000 JavaThread "JMX server connection timeout 22" daemon [_thread_blocked, id=60208, stack(0x00000000211e0000,0x00000000212e0000)]
  0x0000000020077000 JavaThread "logback-1" daemon [_thread_blocked, id=41960, stack(0x000000001f700000,0x000000001f800000)]
  0x000000001eab7000 JavaThread "RMI Scheduler(0)" daemon [_thread_blocked, id=60040, stack(0x000000001f8c0000,0x000000001f9c0000)]
  0x000000001ea1e800 JavaThread "RMI TCP Connection(idle)" daemon [_thread_blocked, id=59480, stack(0x000000001efd0000,0x000000001f0d0000)]
  0x000000001e76b000 JavaThread "RMI TCP Accept-0" daemon [_thread_in_native, id=37664, stack(0x000000001f0f0000,0x000000001f1f0000)]
  0x000000001e6f9000 JavaThread "RMI TCP Accept-61234" daemon [_thread_in_native, id=53584, stack(0x000000001ed80000,0x000000001ee80000)]
  0x000000001e6ec800 JavaThread "RMI TCP Accept-0" daemon [_thread_in_native, id=59360, stack(0x000000001eeb0000,0x000000001efb0000)]
  0x000000001d1c4000 JavaThread "Service Thread" daemon [_thread_blocked, id=55852, stack(0x000000001e2f0000,0x000000001e3f0000)]
  0x000000001d172800 JavaThread "C1 CompilerThread2" daemon [_thread_blocked, id=61328, stack(0x000000001e3f0000,0x000000001e4f0000)]
  0x000000001d16d800 JavaThread "C2 CompilerThread1" daemon [_thread_blocked, id=61184, stack(0x000000001dfe0000,0x000000001e0e0000)]
  0x000000001d168800 JavaThread "C2 CompilerThread0" daemon [_thread_blocked, id=52416, stack(0x000000001e110000,0x000000001e210000)]
  0x000000001d157800 JavaThread "JDWP Command Reader" daemon [_thread_in_native, id=52368, stack(0x000000001da70000,0x000000001db70000)]
  0x000000001d156800 JavaThread "JDWP Event Helper Thread" daemon [_thread_blocked, id=60560, stack(0x000000001ded0000,0x000000001dfd0000)]
=>0x000000001d14b800 JavaThread "JDWP Transport Listener: dt_socket" daemon [_thread_in_vm, id=52840, stack(0x000000001dcc0000,0x000000001ddc0000)]
  0x000000001bb8f000 JavaThread "Attach Listener" daemon [_thread_blocked, id=31212, stack(0x000000001d830000,0x000000001d930000)]
  0x000000001bb8b800 JavaThread "Signal Dispatcher" daemon [_thread_blocked, id=1256, stack(0x000000001d710000,0x000000001d810000)]
  0x000000001bb2d000 JavaThread "Finalizer" daemon [_thread_blocked, id=58852, stack(0x000000001d040000,0x000000001d140000)]
  0x000000001bb26000 JavaThread "Reference Handler" daemon [_thread_blocked, id=60024, stack(0x000000001cd50000,0x000000001ce50000)]

Other Threads:
  0x000000001bb20000 VMThread [stack: 0x000000001cba0000,0x000000001cca0000] [id=59840]
  0x000000001e76d000 WatcherThread [stack: 0x000000001f1f0000,0x000000001f2f0000] [id=58988]

VM state:not at safepoint (normal execution)

VM Mutex/Monitor currently owned by a thread: None

Heap:
 PSYoungGen      total 546816K, used 160675K [0x000000076b180000, 0x0000000795a80000, 0x00000007c0000000)
  eden space 507904K, 26% used [0x000000076b180000,0x000000077331f668,0x000000078a180000)
  from space 38912K, 71% used [0x000000078a180000,0x000000078bcc9860,0x000000078c780000)
  to   space 40448K, 0% used [0x0000000793300000,0x0000000793300000,0x0000000795a80000)
 ParOldGen       total 238592K, used 61971K [0x00000006c1400000, 0x00000006cfd00000, 0x000000076b180000)
  object space 238592K, 25% used [0x00000006c1400000,0x00000006c5084db8,0x00000006cfd00000)
 Metaspace       used 67223K, capacity 68084K, committed 68184K, reserved 1107968K
  class space    used 8817K, capacity 9004K, committed 9088K, reserved 1048576K

Card table byte_map: [0x0000000011930000,0x0000000012130000] byte_map_base: 0x000000000e326000

Marking Bits: (ParMarkBitMap*) 0x000000007048a5b0
 Begin Bits: [0x0000000012a30000, 0x00000000169e0000)
 End Bits:   [0x00000000169e0000, 0x000000001a990000)

Polling page: 0x0000000000090000

CodeCache: size=245760Kb used=19069Kb max_used=19069Kb free=226690Kb
 bounds [0x0000000002570000, 0x0000000003820000, 0x0000000011570000]
 total_blobs=9779 nmethods=9210 adapters=488
 compilation: enabled

Compilation events (10 events):
Event: 3910.377 Thread 0x000000001d172800 9369       1       org.activiti.engine.impl.cmd.AcquireTimerJobsCmd::execute (101 bytes)
Event: 3910.378 Thread 0x000000001d172800 nmethod 9369 0x000000000380d8d0 code [0x000000000380dba0, 0x000000000380ec78]
Event: 3910.378 Thread 0x000000001d172800 9370       1       org.activiti.engine.impl.persistence.entity.JobEntityManager::findNextTimerJobsToExecute (26 bytes)
Event: 3910.379 Thread 0x000000001d172800 nmethod 9370 0x000000000380ff50 code [0x00000000038101e0, 0x0000000003810fe8]
Event: 3995.207 Thread 0x000000001d172800 9371       1       java.io.BufferedWriter::ensureOpen (18 bytes)
Event: 3995.208 Thread 0x000000001d172800 nmethod 9371 0x0000000003811d50 code [0x0000000003811ec0, 0x0000000003812088]
Event: 4216.560 Thread 0x000000001d172800 9372       1       java.io.ObjectInputStream$BlockDataInputStream::read (138 bytes)
Event: 4216.560 Thread 0x000000001d172800 nmethod 9372 0x0000000003812150 code [0x0000000003812300, 0x0000000003812728]
Event: 4398.674 Thread 0x000000001d172800 9373       1       java.net.Inet4Address::<init> (29 bytes)
Event: 4398.675 Thread 0x000000001d172800 nmethod 9373 0x00000000038128d0 code [0x0000000003812a20, 0x0000000003812bd0]

GC Heap History (10 events):
Event: 10.152 GC heap before
{Heap before GC invocations=8 (full 2):
 PSYoungGen      total 272896K, used 262144K [0x000000076b180000, 0x0000000783c80000, 0x00000007c0000000)
  eden space 262144K, 100% used [0x000000076b180000,0x000000077b180000,0x000000077b180000)
  from space 10752K, 0% used [0x000000077b180000,0x000000077b180000,0x000000077bc00000)
  to   space 17408K, 0% used [0x0000000782b80000,0x0000000782b80000,0x0000000783c80000)
 ParOldGen       total 155136K, used 26012K [0x00000006c1400000, 0x00000006cab80000, 0x000000076b180000)
  object space 155136K, 16% used [0x00000006c1400000,0x00000006c2d67358,0x00000006cab80000)
 Metaspace       used 47875K, capacity 48492K, committed 48600K, reserved 1091584K
  class space    used 6483K, capacity 6621K, committed 6656K, reserved 1048576K
Event: 10.172 GC heap after
Heap after GC invocations=8 (full 2):
 PSYoungGen      total 380416K, used 17407K [0x000000076b180000, 0x0000000785100000, 0x00000007c0000000)
  eden space 363008K, 0% used [0x000000076b180000,0x000000076b180000,0x0000000781400000)
  from space 17408K, 99% used [0x0000000782b80000,0x0000000783c7fcf0,0x0000000783c80000)
  to   space 24064K, 0% used [0x0000000781400000,0x0000000781400000,0x0000000782b80000)
 ParOldGen       total 155136K, used 33662K [0x00000006c1400000, 0x00000006cab80000, 0x000000076b180000)
  object space 155136K, 21% used [0x00000006c1400000,0x00000006c34dfb00,0x00000006cab80000)
 Metaspace       used 47875K, capacity 48492K, committed 48600K, reserved 1091584K
  class space    used 6483K, capacity 6621K, committed 6656K, reserved 1048576K
}
Event: 11.260 GC heap before
{Heap before GC invocations=9 (full 2):
 PSYoungGen      total 380416K, used 380415K [0x000000076b180000, 0x0000000785100000, 0x00000007c0000000)
  eden space 363008K, 100% used [0x000000076b180000,0x0000000781400000,0x0000000781400000)
  from space 17408K, 99% used [0x0000000782b80000,0x0000000783c7fcf0,0x0000000783c80000)
  to   space 24064K, 0% used [0x0000000781400000,0x0000000781400000,0x0000000782b80000)
 ParOldGen       total 155136K, used 33662K [0x00000006c1400000, 0x00000006cab80000, 0x000000076b180000)
  object space 155136K, 21% used [0x00000006c1400000,0x00000006c34dfb00,0x00000006cab80000)
 Metaspace       used 51784K, capacity 52444K, committed 52568K, reserved 1095680K
  class space    used 6791K, capacity 6949K, committed 7040K, reserved 1048576K
Event: 11.290 GC heap after
Heap after GC invocations=9 (full 2):
 PSYoungGen      total 387072K, used 24043K [0x000000076b180000, 0x000000078e580000, 0x00000007c0000000)
  eden space 363008K, 0% used [0x000000076b180000,0x000000076b180000,0x0000000781400000)
  from space 24064K, 99% used [0x0000000781400000,0x0000000782b7ad20,0x0000000782b80000)
  to   space 30720K, 0% used [0x000000078c780000,0x000000078c780000,0x000000078e580000)
 ParOldGen       total 155136K, used 39620K [0x00000006c1400000, 0x00000006cab80000, 0x000000076b180000)
  object space 155136K, 25% used [0x00000006c1400000,0x00000006c3ab1078,0x00000006cab80000)
 Metaspace       used 51784K, capacity 52444K, committed 52568K, reserved 1095680K
  class space    used 6791K, capacity 6949K, committed 7040K, reserved 1048576K
}
Event: 12.564 GC heap before
{Heap before GC invocations=10 (full 2):
 PSYoungGen      total 387072K, used 274020K [0x000000076b180000, 0x000000078e580000, 0x00000007c0000000)
  eden space 363008K, 68% used [0x000000076b180000,0x000000077a59e408,0x0000000781400000)
  from space 24064K, 99% used [0x0000000781400000,0x0000000782b7ad20,0x0000000782b80000)
  to   space 30720K, 0% used [0x000000078c780000,0x000000078c780000,0x000000078e580000)
 ParOldGen       total 155136K, used 39620K [0x00000006c1400000, 0x00000006cab80000, 0x000000076b180000)
  object space 155136K, 25% used [0x00000006c1400000,0x00000006c3ab1078,0x00000006cab80000)
 Metaspace       used 58264K, capacity 58902K, committed 59028K, reserved 1101824K
  class space    used 7610K, capacity 7764K, committed 7808K, reserved 1048576K
Event: 12.595 GC heap after
Heap after GC invocations=10 (full 2):
 PSYoungGen      total 538624K, used 30699K [0x000000076b180000, 0x000000078ef00000, 0x00000007c0000000)
  eden space 507904K, 0% used [0x000000076b180000,0x000000076b180000,0x000000078a180000)
  from space 30720K, 99% used [0x000000078c780000,0x000000078e57ad50,0x000000078e580000)
  to   space 38912K, 0% used [0x000000078a180000,0x000000078a180000,0x000000078c780000)
 ParOldGen       total 155136K, used 47383K [0x00000006c1400000, 0x00000006cab80000, 0x000000076b180000)
  object space 155136K, 30% used [0x00000006c1400000,0x00000006c4245c50,0x00000006cab80000)
 Metaspace       used 58264K, capacity 58902K, committed 59028K, reserved 1101824K
  class space    used 7610K, capacity 7764K, committed 7808K, reserved 1048576K
}
Event: 12.595 GC heap before
{Heap before GC invocations=11 (full 3):
 PSYoungGen      total 538624K, used 30699K [0x000000076b180000, 0x000000078ef00000, 0x00000007c0000000)
  eden space 507904K, 0% used [0x000000076b180000,0x000000076b180000,0x000000078a180000)
  from space 30720K, 99% used [0x000000078c780000,0x000000078e57ad50,0x000000078e580000)
  to   space 38912K, 0% used [0x000000078a180000,0x000000078a180000,0x000000078c780000)
 ParOldGen       total 155136K, used 47383K [0x00000006c1400000, 0x00000006cab80000, 0x000000076b180000)
  object space 155136K, 30% used [0x00000006c1400000,0x00000006c4245c50,0x00000006cab80000)
 Metaspace       used 58264K, capacity 58902K, committed 59028K, reserved 1101824K
  class space    used 7610K, capacity 7764K, committed 7808K, reserved 1048576K
Event: 12.824 GC heap after
Heap after GC invocations=11 (full 3):
 PSYoungGen      total 538624K, used 0K [0x000000076b180000, 0x000000078ef00000, 0x00000007c0000000)
  eden space 507904K, 0% used [0x000000076b180000,0x000000076b180000,0x000000078a180000)
  from space 30720K, 0% used [0x000000078c780000,0x000000078c780000,0x000000078e580000)
  to   space 38912K, 0% used [0x000000078a180000,0x000000078a180000,0x000000078c780000)
 ParOldGen       total 238592K, used 61963K [0x00000006c1400000, 0x00000006cfd00000, 0x000000076b180000)
  object space 238592K, 25% used [0x00000006c1400000,0x00000006c5082db8,0x00000006cfd00000)
 Metaspace       used 58264K, capacity 58902K, committed 59028K, reserved 1101824K
  class space    used 7610K, capacity 7764K, committed 7808K, reserved 1048576K
}
Event: 940.605 GC heap before
{Heap before GC invocations=12 (full 3):
 PSYoungGen      total 538624K, used 507904K [0x000000076b180000, 0x000000078ef00000, 0x00000007c0000000)
  eden space 507904K, 100% used [0x000000076b180000,0x000000078a180000,0x000000078a180000)
  from space 30720K, 0% used [0x000000078c780000,0x000000078c780000,0x000000078e580000)
  to   space 38912K, 0% used [0x000000078a180000,0x000000078a180000,0x000000078c780000)
 ParOldGen       total 238592K, used 61963K [0x00000006c1400000, 0x00000006cfd00000, 0x000000076b180000)
  object space 238592K, 25% used [0x00000006c1400000,0x00000006c5082db8,0x00000006cfd00000)
 Metaspace       used 65605K, capacity 66472K, committed 66648K, reserved 1107968K
  class space    used 8597K, capacity 8790K, committed 8832K, reserved 1048576K
Event: 940.678 GC heap after
Heap after GC invocations=12 (full 3):
 PSYoungGen      total 546816K, used 27942K [0x000000076b180000, 0x0000000795a80000, 0x00000007c0000000)
  eden space 507904K, 0% used [0x000000076b180000,0x000000076b180000,0x000000078a180000)
  from space 38912K, 71% used [0x000000078a180000,0x000000078bcc9860,0x000000078c780000)
  to   space 40448K, 0% used [0x0000000793300000,0x0000000793300000,0x0000000795a80000)
 ParOldGen       total 238592K, used 61971K [0x00000006c1400000, 0x00000006cfd00000, 0x000000076b180000)
  object space 238592K, 25% used [0x00000006c1400000,0x00000006c5084db8,0x00000006cfd00000)
 Metaspace       used 65605K, capacity 66472K, committed 66648K, reserved 1107968K
  class space    used 8597K, capacity 8790K, committed 8832K, reserved 1048576K
}

Deoptimization events (0 events):
No events

Internal exceptions (10 events):
Event: 1906.134 Thread 0x0000000023678800 Exception <a 'java/lang/NullPointerException'> (0x000000076f4d9540) thrown at [C:\re\workspace\8-2-build-windows-amd64-cygwin\jdk8u66\5298\hotspot\src\share\vm\interpreter\linkResolver.cpp, line 1178]
Event: 1906.134 Thread 0x0000000023678800 Exception <a 'java/lang/reflect/InvocationTargetException'> (0x000000076f4d9ee8) thrown at [C:\re\workspace\8-2-build-windows-amd64-cygwin\jdk8u66\5298\hotspot\src\share\vm\runtime\reflection.cpp, line 1092]
Event: 1906.135 Thread 0x0000000023678800 Exception <a 'java/lang/reflect/InvocationTargetException'> (0x000000076f4da8b8) thrown at [C:\re\workspace\8-2-build-windows-amd64-cygwin\jdk8u66\5298\hotspot\src\share\vm\runtime\reflection.cpp, line 1092]
Event: 1906.137 Thread 0x0000000020535000 Exception <a 'java/net/SocketException': Socket closed> (0x000000076f650040) thrown at [C:\re\workspace\8-2-build-windows-amd64-cygwin\jdk8u66\5298\hotspot\src\share\vm\prims\jni.cpp, line 735]
Event: 1906.138 Thread 0x0000000023678800 Exception <a 'java/lang/reflect/InvocationTargetException'> (0x000000076f4e3320) thrown at [C:\re\workspace\8-2-build-windows-amd64-cygwin\jdk8u66\5298\hotspot\src\share\vm\runtime\reflection.cpp, line 1092]
Event: 1981.954 Thread 0x000000002367b000 Exception <a 'java/lang/NullPointerException'> (0x000000076fd0ff20) thrown at [C:\re\workspace\8-2-build-windows-amd64-cygwin\jdk8u66\5298\hotspot\src\share\vm\interpreter\linkResolver.cpp, line 1178]
Event: 1981.954 Thread 0x000000002367b000 Exception <a 'java/lang/reflect/InvocationTargetException'> (0x000000076fd108c8) thrown at [C:\re\workspace\8-2-build-windows-amd64-cygwin\jdk8u66\5298\hotspot\src\share\vm\runtime\reflection.cpp, line 1092]
Event: 1981.954 Thread 0x000000002367b000 Exception <a 'java/lang/reflect/InvocationTargetException'> (0x000000076fd11298) thrown at [C:\re\workspace\8-2-build-windows-amd64-cygwin\jdk8u66\5298\hotspot\src\share\vm\runtime\reflection.cpp, line 1092]
Event: 1981.956 Thread 0x0000000020535000 Exception <a 'java/net/SocketException': Socket closed> (0x000000076fe84928) thrown at [C:\re\workspace\8-2-build-windows-amd64-cygwin\jdk8u66\5298\hotspot\src\share\vm\prims\jni.cpp, line 735]
Event: 1981.957 Thread 0x000000002367b000 Exception <a 'java/lang/reflect/InvocationTargetException'> (0x000000076fd19d10) thrown at [C:\re\workspace\8-2-build-windows-amd64-cygwin\jdk8u66\5298\hotspot\src\share\vm\runtime\reflection.cpp, line 1092]

Events (10 events):
Event: 1982.070 Executing VM operation: GetOrSetLocal
Event: 1982.070 Executing VM operation: GetOrSetLocal done
Event: 2157.402 Executing VM operation: RedefineClasses
Event: 2157.439 Executing VM operation: RedefineClasses done
Event: 2157.461 Executing VM operation: ChangeBreakpoints
Event: 2157.464 Executing VM operation: ChangeBreakpoints done
Event: 4254.425 Executing VM operation: ChangeBreakpoints
Event: 4254.429 Executing VM operation: ChangeBreakpoints done
Event: 4419.842 Executing VM operation: RedefineClasses
Event: 4419.878 Executing VM operation: RedefineClasses done


Dynamic libraries:
0x000000013f0a0000 - 0x000000013f0d7000 	C:\Program Files\Java\jdk1.8.0_66\bin\javaw.exe
0x0000000077930000 - 0x0000000077ada000 	C:\Windows\SYSTEM32\ntdll.dll
0x0000000077810000 - 0x000000007792f000 	C:\Windows\system32\kernel32.dll
0x000007fefda30000 - 0x000007fefda9a000 	C:\Windows\system32\KERNELBASE.dll
0x000007fefde40000 - 0x000007fefdf1b000 	C:\Windows\system32\ADVAPI32.dll
0x000007fefe1d0000 - 0x000007fefe26f000 	C:\Windows\system32\msvcrt.dll
0x000007fefdab0000 - 0x000007fefdacf000 	C:\Windows\SYSTEM32\sechost.dll
0x000007fefdbf0000 - 0x000007fefdd1d000 	C:\Windows\system32\RPCRT4.dll
0x0000000077710000 - 0x000000007780a000 	C:\Windows\system32\USER32.dll
0x000007fefe160000 - 0x000007fefe1c7000 	C:\Windows\system32\GDI32.dll
0x000007feff7d0000 - 0x000007feff7de000 	C:\Windows\system32\LPK.dll
0x000007fefdb20000 - 0x000007fefdbea000 	C:\Windows\system32\USP10.dll
0x000007fefc680000 - 0x000007fefc874000 	C:\Windows\WinSxS\amd64_microsoft.windows.common-controls_6595b64144ccf1df_6.0.7601.18837_none_fa3b1e3d17594757\COMCTL32.dll
0x000007fefdd20000 - 0x000007fefdd91000 	C:\Windows\system32\SHLWAPI.dll
0x000007fefdad0000 - 0x000007fefdafe000 	C:\Windows\system32\IMM32.DLL
0x000007feffb20000 - 0x000007feffc29000 	C:\Windows\system32\MSCTF.dll
0x0000000054e50000 - 0x0000000054f22000 	C:\Program Files\Java\jdk1.8.0_66\jre\bin\msvcr100.dll
0x000000006fc80000 - 0x0000000070509000 	C:\Program Files\Java\jdk1.8.0_66\jre\bin\server\jvm.dll
0x000007fef4630000 - 0x000007fef4639000 	C:\Windows\system32\WSOCK32.dll
0x000007feff7e0000 - 0x000007feff82d000 	C:\Windows\system32\WS2_32.dll
0x000007feffc30000 - 0x000007feffc38000 	C:\Windows\system32\NSI.dll
0x000007fefb370000 - 0x000007fefb3ab000 	C:\Windows\system32\WINMM.dll
0x000007fefc2c0000 - 0x000007fefc2cc000 	C:\Windows\system32\VERSION.dll
0x0000000077b00000 - 0x0000000077b07000 	C:\Windows\system32\PSAPI.DLL
0x0000000063fc0000 - 0x0000000063fcf000 	C:\Program Files\Java\jdk1.8.0_66\jre\bin\verify.dll
0x0000000062e50000 - 0x0000000062e79000 	C:\Program Files\Java\jdk1.8.0_66\jre\bin\java.dll
0x0000000058170000 - 0x00000000581a5000 	C:\Program Files\Java\jdk1.8.0_66\jre\bin\jdwp.dll
0x0000000070db0000 - 0x0000000070db8000 	C:\Program Files\Java\jdk1.8.0_66\jre\bin\npt.dll
0x0000000063fa0000 - 0x0000000063fb6000 	C:\Program Files\Java\jdk1.8.0_66\jre\bin\zip.dll
0x000007fefe540000 - 0x000007feff2c9000 	C:\Windows\system32\SHELL32.dll
0x000007feff3b0000 - 0x000007feff5b3000 	C:\Windows\system32\ole32.dll
0x000007fefd6f0000 - 0x000007fefd6ff000 	C:\Windows\system32\profapi.dll
0x0000000070e20000 - 0x0000000070e29000 	C:\Program Files\Java\jdk1.8.0_66\jre\bin\dt_socket.dll
0x000007fefa760000 - 0x000007fefa775000 	C:\Windows\system32\NLAapi.dll
0x000007fef33c0000 - 0x000007fef33d5000 	C:\Windows\system32\napinsp.dll
0x000007fef33e0000 - 0x000007fef33f9000 	C:\Windows\system32\pnrpnsp.dll
0x000007fefce90000 - 0x000007fefcee5000 	C:\Windows\System32\mswsock.dll
0x000007fefcd10000 - 0x000007fefcd6b000 	C:\Windows\system32\DNSAPI.dll
0x000007fef33b0000 - 0x000007fef33bb000 	C:\Windows\System32\winrnr.dll
0x000007fef33a0000 - 0x000007fef33b0000 	C:\Windows\system32\wshbth.dll
0x000007fefa330000 - 0x000007fefa357000 	C:\Windows\system32\IPHLPAPI.DLL
0x000007fefa320000 - 0x000007fefa32b000 	C:\Windows\system32\WINNSI.DLL
0x000007fefa150000 - 0x000007fefa1a3000 	C:\Windows\System32\fwpuclnt.dll
0x000007fef4e70000 - 0x000007fef4e78000 	C:\Windows\system32\rasadhlp.dll
0x000007fefc390000 - 0x000007fefc397000 	C:\Windows\System32\wshtcpip.dll
0x0000000000340000 - 0x000000000034d000 	C:\Program Files\Java\jdk1.8.0_66\jre\bin\management.dll
0x0000000063110000 - 0x000000006312a000 	C:\Program Files\Java\jdk1.8.0_66\jre\bin\net.dll
0x000007fefce80000 - 0x000007fefce87000 	C:\Windows\System32\wship6.dll
0x0000000059b00000 - 0x0000000059b11000 	C:\Program Files\Java\jdk1.8.0_66\jre\bin\nio.dll
0x000007fefcfb0000 - 0x000007fefcfc8000 	C:\Windows\system32\CRYPTSP.dll
0x000007fefcbf0000 - 0x000007fefcc37000 	C:\Windows\system32\rsaenh.dll
0x000007fefda10000 - 0x000007fefda2e000 	C:\Windows\system32\USERENV.dll
0x000007fefd590000 - 0x000007fefd59f000 	C:\Windows\system32\CRYPTBASE.dll
0x000007fefa120000 - 0x000007fefa131000 	C:\Windows\system32\dhcpcsvc6.DLL
0x000007fefa100000 - 0x000007fefa118000 	C:\Windows\system32\dhcpcsvc.DLL
0x000007fef4a80000 - 0x000007fef4ba5000 	C:\Windows\system32\dbghelp.dll

VM Arguments:
jvm_args: -agentlib:jdwp=transport=dt_socket,suspend=y,address=localhost:61235 -Dcom.sun.management.jmxremote -Dcom.sun.management.jmxremote.port=61234 -Dcom.sun.management.jmxremote.authenticate=false -Dcom.sun.management.jmxremote.ssl=false -Djava.rmi.server.hostname=localhost -Dspring.liveBeansView.mbeanDomain -Dspring.application.admin.enabled=true -Xverify:none -XX:TieredStopAtLevel=1 -Dfile.encoding=UTF-8 
java_command: co.com.coomeva.sipas.api.DomainSpringBootApplication --spring.output.ansi.enabled=always
java_class_path (initial): C:\Program Files\Java\jdk1.8.0_66\jre\lib\resources.jar;C:\Program Files\Java\jdk1.8.0_66\jre\lib\rt.jar;C:\Program Files\Java\jdk1.8.0_66\jre\lib\jsse.jar;C:\Program Files\Java\jdk1.8.0_66\jre\lib\jce.jar;C:\Program Files\Java\jdk1.8.0_66\jre\lib\charsets.jar;C:\Program Files\Java\jdk1.8.0_66\jre\lib\jfr.jar;C:\Program Files\Java\jdk1.8.0_66\jre\lib\ext\access-bridge-64.jar;C:\Program Files\Java\jdk1.8.0_66\jre\lib\ext\cldrdata.jar;C:\Program Files\Java\jdk1.8.0_66\jre\lib\ext\dnsns.jar;C:\Program Files\Java\jdk1.8.0_66\jre\lib\ext\jaccess.jar;C:\Program Files\Java\jdk1.8.0_66\jre\lib\ext\jfxrt.jar;C:\Program Files\Java\jdk1.8.0_66\jre\lib\ext\localedata.jar;C:\Program Files\Java\jdk1.8.0_66\jre\lib\ext\nashorn.jar;C:\Program Files\Java\jdk1.8.0_66\jre\lib\ext\sunec.jar;C:\Program Files\Java\jdk1.8.0_66\jre\lib\ext\sunjce_provider.jar;C:\Program Files\Java\jdk1.8.0_66\jre\lib\ext\sunmscapi.jar;C:\Program Files\Java\jdk1.8.0_66\jre\lib\ext\sunpkcs11.jar;C:\Program Files\Java\jdk1.8.0_66\jre\lib\ext\zipfs.jar;D:\workspaces\update-sipas\domain-app\sipas-api\target\classes;C:\Users\alge3325\.m2\repository\org\springframework\boot\spring-boot-starter-security\1.5.9.RELEASE\spring-boot-starter-security-1.5.9.RELEASE.jar;C:\Users\alge3325\.m2\repository\org\springframework\boot\spring-boot-starter\1.5.9.RELEASE\spring-boot-starter-1.5.9.RELEASE.jar;C:\Users\alge3325\.m2\repository\org\springframework\boot\spring-boot\1.5.9.RELEASE\spring-boot-1.5.9.RELEASE.jar;C:\Users\alge3325\.m2\repository\org\springframework\boot\spring-boot-autoconfigure\1.5.9.RELEASE\spring-boot-autoconfigure-1.5.9.RELEASE.jar;C:\Users\alge3325\.m2\repository\org\springframework\boot\spring-boot-starter-logging\1.5.9.RELEASE\spring-boot-starter-logging-1.5.9.RELEASE.jar;C:\Users\alge3325\.m2\repository\ch\qos\logback\logback-classic\1.1.11\logback-classic-1.1.11.jar;C:\Users\alge3325\.m2\repository\ch\qos\logback\logback-core\1.1.11\logback-core-1.1.11.jar;C:\Users\alge3
Launcher Type: SUN_STANDARD

Environment Variables:
JAVA_HOME=C:\Program Files (x86)\Java\jdk1.6.0_27
PATH=C:\Program Files\Java\jdk1.8.0_66\jre\bin;C:\Program Files\Broadcom\Broadcom 802.11;c:\Program Files (x86)\Intel\iCLS Client\;c:\Program Files\Intel\iCLS Client\;C:\Windows\system32;C:\Windows;C:\Windows\System32\Wbem;C:\Windows\System32\WindowsPowerShell\v1.0\;C:\Program Files\Intel\Intel(R) Management Engine Components\DAL;C:\Program Files\Intel\Intel(R) Management Engine Components\IPT;C:\Program Files (x86)\Intel\Intel(R) Management Engine Components\DAL;C:\Program Files (x86)\Intel\Intel(R) Management Engine Components\IPT;C:\Program Files\WIDCOMM\Bluetooth Software\;C:\Program Files\WIDCOMM\Bluetooth Software\syswow64;C:\Program Files (x86)\Skype\Phone\;C:\Program Files (x86)\Aranda\SharedDLL;C:\Program Files (x86)\Java\jdk1.6.0_27\bin;C:\Program Files (x86)\IBM\Client Access\Emulator;C:\Program Files (x86)\IBM\Client Access\Shared;C:\Program Files (x86)\IBM\Client Access\;C:\Program Files\TortoiseSVN\bin;C:\apache-maven-3.0.4\bin;D:\instaladores\oracle\instantclient;C:\Program Files\Git\cmd;C:\Program Files\nodejs\;D:\Desarrollo\axis\axis2-1.7.6/bin;D:\android-sdk\tools;D:\android-sdk\platform-tools;C:\Gradle\bin;D:\Desarrollo\apache-ant-1.10.1\bin;C:\Users\alge3325\AppData\Roaming\npm;C:\Program Files\Microsoft VS Code\bin
USERNAME=alge3325
OS=Windows_NT
PROCESSOR_IDENTIFIER=Intel64 Family 6 Model 60 Stepping 3, GenuineIntel



---------------  S Y S T E M  ---------------

OS: Windows 7 , 64 bit Build 7601 (6.1.7601.23915)

CPU:total 4 (2 cores per cpu, 2 threads per core) family 6 model 60 stepping 3, cmov, cx8, fxsr, mmx, sse, sse2, sse3, ssse3, sse4.1, sse4.2, popcnt, avx, avx2, aes, clmul, erms, rtm, lzcnt, ht, tsc, tscinvbit, bmi1, bmi2

Memory: 4k page, physical 16688240k(7683880k free), swap 33374620k(21422092k free)

vm_info: Java HotSpot(TM) 64-Bit Server VM (25.66-b18) for windows-amd64 JRE (1.8.0_66-b18), built on Nov  9 2015 10:51:13 by "java_re" with MS VC++ 10.0 (VS2010)

time: Wed Jan 31 16:30:56 2018
elapsed time: 4420 seconds (0d 1h 13m 40s)

